Unable to process: Salad cannot be ordered more than once
Eggs, Toast, Coffee
Eggs, Toast, Coffee
Eggs, Toast, Coffee(3)
Salad, Chips, Soda
Salad, Chips, Water
Unable to process: Salad cannot be ordered more than once
Salad, Chips(2), Water
Steak, Potatoes, Wine, Water, Cake
Unable to process: Dessert is missing
Unable to process: Salad cannot be ordered more than once
Eggs, Toast, Coffee
Eggs, Toast, Coffee
Eggs, Toast, Coffee(3)
Salad, Chips, Soda
Salad, Chips, Water
Unable to process: Salad cannot be ordered more than once
Salad, Chips(2), Water
Steak, Potatoes, Wine, Water, Cake
Unable to process: Dessert is missing
Eggs, Toast, Coffee
Eggs, Toast, Coffee
Eggs, Toast, Coffee(3)
Salad, Chips, Soda
Salad, Chips, Water
Unable to process: Salad cannot be ordered more than once
Salad, Chips(2), Water
Steak, Potatoes, Wine, Water, Cake
Unable to process: Dessert is missing
